<?xml version="1.0" encoding="UTF-8"?>
<!-- Generated by org.testng.reporters.JUnitXMLReporter -->
<testsuite hostname="Raymonds-iMac.attlocal.net" ignored="0" name="Test" tests="5" failures="1" timestamp="2020-04-19T20:03:56 EDT" time="88.469" errors="0">
  <testcase name="check" time="27.299" classname="websites.CheckboxesTest"/>
  <testcase name="interview" time="8.007" classname="websites.MarsairTest">
    <failure type="java.lang.AssertionError" message="expected [true] but found [false]">
      <![CDATA[java.lang.AssertionError: expected [true] but found [false]
at websites.MarsairTest.interview(MarsairTest.java:43)
at java.util.ArrayList.forEach(ArrayList.java:1257)
... Removed 31 stack frames]]>
    </failure>
  </testcase> <!-- interview -->
  <testcase name="days" time="20.365" classname="websites.CalendarTest"/>
  <testcase name="autoSugg" time="15.551" classname="websites.AutoSuggestiveTest"/>
  <testcase name="alerts" time="15.649" classname="websites.ExerTest"/>
</testsuite> <!-- Test -->
